2022-04-30 11:31:27.797 [main] INFO  c.c.f.f.i.provider.DefaultApplicationProvider - App ID is set to myaustin by app.id property from System Property
2022-04-30 11:31:27.829 [main] INFO  c.c.f.f.internals.provider.DefaultServerProvider - Environment is set to null. Because it is not available in either (1) JVM system property 'env', (2) OS env variable 'ENV' nor (3) property 'env' from the properties InputStream.
2022-04-30 11:31:44.197 [main] INFO  com.quan.dataflow.DataflowWebApplication - Starting DataflowWebApplication using Java 11 on LAPTOP-S9D4HSHI with PID 5692 (D:\Program Pratices\DataFlow\dataflow-web\target\classes started by Quan in D:\Program Pratices\DataFlow)
2022-04-30 11:31:44.199 [main] INFO  com.quan.dataflow.DataflowWebApplication - No active profile set, falling back to 1 default profile: "default"
2022-04-30 11:31:48.014 [main] INFO  o.s.c.annotation.ConfigurationClassPostProcessor - Cannot enhance @Configuration bean definition 'com.ctrip.framework.apollo.spring.boot.ApolloAutoConfiguration' since its singleton instance has been created too early. The typical cause is a non-static @Bean method with a BeanDefinitionRegistryPostProcessor return type: Consider declaring such methods as 'static'.
2022-04-30 11:31:48.430 [main] INFO  o.s.c.s.PostProcessorRegistrationDelegate$BeanPostProcessorChecker - Bean 'groupIdEnhancer' of type [com.quan.dataflow.dataflowhandler.receiver.ReceiverStart$$Lambda$453/0x00000008004c3c40] is not eligible for getting processed by all BeanPostProcessors (for example: not eligible for auto-proxying)
2022-04-30 11:31:49.784 [main] INFO  o.s.boot.web.embedded.tomcat.TomcatWebServer - Tomcat initialized with port(s): 8080 (http)
2022-04-30 11:31:49.819 [main] INFO  org.apache.coyote.http11.Http11NioProtocol - Initializing ProtocolHandler ["http-nio-8080"]
2022-04-30 11:31:49.821 [main] INFO  org.apache.catalina.core.StandardService - Starting service [Tomcat]
2022-04-30 11:31:49.822 [main] INFO  org.apache.catalina.core.StandardEngine - Starting Servlet engine: [Apache Tomcat/9.0.60]
2022-04-30 11:31:50.307 [main] INFO  o.a.c.core.ContainerBase.[Tomcat].[localhost].[/] - Initializing Spring embedded WebApplicationContext
2022-04-30 11:31:50.308 [main] INFO  o.s.b.w.s.c.ServletWebServerApplicationContext - Root WebApplicationContext: initialization completed in 5927 ms
2022-04-30 11:31:51.192 [main] INFO  org.apache.catalina.core.StandardService - Stopping service [Tomcat]
2022-04-30 11:31:51.234 [main] INFO  o.s.b.a.l.ConditionEvaluationReportLoggingListener - 

Error starting ApplicationContext. To display the conditions report re-run your application with 'debug' enabled.
2022-04-30 11:46:07.350 [main] INFO  c.c.f.f.i.provider.DefaultApplicationProvider - App ID is set to myaustin by app.id property from System Property
2022-04-30 11:46:07.365 [main] INFO  c.c.f.f.internals.provider.DefaultServerProvider - Environment is set to null. Because it is not available in either (1) JVM system property 'env', (2) OS env variable 'ENV' nor (3) property 'env' from the properties InputStream.
2022-04-30 11:46:23.505 [main] INFO  com.quan.dataflow.DataflowWebApplication - Starting DataflowWebApplication using Java 11 on LAPTOP-S9D4HSHI with PID 20700 (D:\Program Pratices\DataFlow\dataflow-web\target\classes started by Quan in D:\Program Pratices\DataFlow)
2022-04-30 11:46:23.507 [main] INFO  com.quan.dataflow.DataflowWebApplication - No active profile set, falling back to 1 default profile: "default"
2022-04-30 11:46:26.861 [main] INFO  o.s.c.annotation.ConfigurationClassPostProcessor - Cannot enhance @Configuration bean definition 'com.ctrip.framework.apollo.spring.boot.ApolloAutoConfiguration' since its singleton instance has been created too early. The typical cause is a non-static @Bean method with a BeanDefinitionRegistryPostProcessor return type: Consider declaring such methods as 'static'.
2022-04-30 11:46:27.271 [main] INFO  o.s.c.s.PostProcessorRegistrationDelegate$BeanPostProcessorChecker - Bean 'groupIdEnhancer' of type [com.quan.dataflow.dataflowhandler.receiver.ReceiverStart$$Lambda$453/0x00000008004c3c40] is not eligible for getting processed by all BeanPostProcessors (for example: not eligible for auto-proxying)
2022-04-30 11:46:28.617 [main] INFO  o.s.boot.web.embedded.tomcat.TomcatWebServer - Tomcat initialized with port(s): 8080 (http)
2022-04-30 11:46:28.649 [main] INFO  org.apache.coyote.http11.Http11NioProtocol - Initializing ProtocolHandler ["http-nio-8080"]
2022-04-30 11:46:28.651 [main] INFO  org.apache.catalina.core.StandardService - Starting service [Tomcat]
2022-04-30 11:46:28.651 [main] INFO  org.apache.catalina.core.StandardEngine - Starting Servlet engine: [Apache Tomcat/9.0.60]
2022-04-30 11:46:28.987 [main] INFO  o.a.c.core.ContainerBase.[Tomcat].[localhost].[/] - Initializing Spring embedded WebApplicationContext
2022-04-30 11:46:28.987 [main] INFO  o.s.b.w.s.c.ServletWebServerApplicationContext - Root WebApplicationContext: initialization completed in 5354 ms
2022-04-30 11:46:29.775 [main] INFO  org.apache.catalina.core.StandardService - Stopping service [Tomcat]
2022-04-30 11:46:29.818 [main] INFO  o.s.b.a.l.ConditionEvaluationReportLoggingListener - 

Error starting ApplicationContext. To display the conditions report re-run your application with 'debug' enabled.
2022-04-30 12:00:48.530 [main] INFO  c.c.f.f.i.provider.DefaultApplicationProvider - App ID is set to myaustin by app.id property from System Property
2022-04-30 12:00:48.548 [main] INFO  c.c.f.f.internals.provider.DefaultServerProvider - Environment is set to null. Because it is not available in either (1) JVM system property 'env', (2) OS env variable 'ENV' nor (3) property 'env' from the properties InputStream.
2022-04-30 12:01:04.690 [main] INFO  com.quan.dataflow.DataflowWebApplication - Starting DataflowWebApplication using Java 11 on LAPTOP-S9D4HSHI with PID 16488 (D:\Program Pratices\DataFlow\dataflow-web\target\classes started by Quan in D:\Program Pratices\DataFlow)
2022-04-30 12:01:04.692 [main] INFO  com.quan.dataflow.DataflowWebApplication - No active profile set, falling back to 1 default profile: "default"
2022-04-30 12:01:08.169 [main] INFO  o.s.c.annotation.ConfigurationClassPostProcessor - Cannot enhance @Configuration bean definition 'com.ctrip.framework.apollo.spring.boot.ApolloAutoConfiguration' since its singleton instance has been created too early. The typical cause is a non-static @Bean method with a BeanDefinitionRegistryPostProcessor return type: Consider declaring such methods as 'static'.
2022-04-30 12:01:08.569 [main] INFO  o.s.c.s.PostProcessorRegistrationDelegate$BeanPostProcessorChecker - Bean 'groupIdEnhancer' of type [com.quan.dataflow.dataflowhandler.receiver.ReceiverStart$$Lambda$453/0x00000008004c3c40] is not eligible for getting processed by all BeanPostProcessors (for example: not eligible for auto-proxying)
2022-04-30 12:01:09.844 [main] INFO  o.s.boot.web.embedded.tomcat.TomcatWebServer - Tomcat initialized with port(s): 8080 (http)
2022-04-30 12:01:09.874 [main] INFO  org.apache.coyote.http11.Http11NioProtocol - Initializing ProtocolHandler ["http-nio-8080"]
2022-04-30 12:01:09.876 [main] INFO  org.apache.catalina.core.StandardService - Starting service [Tomcat]
2022-04-30 12:01:09.876 [main] INFO  org.apache.catalina.core.StandardEngine - Starting Servlet engine: [Apache Tomcat/9.0.60]
2022-04-30 12:01:10.238 [main] INFO  o.a.c.core.ContainerBase.[Tomcat].[localhost].[/] - Initializing Spring embedded WebApplicationContext
2022-04-30 12:01:10.238 [main] INFO  o.s.b.w.s.c.ServletWebServerApplicationContext - Root WebApplicationContext: initialization completed in 5409 ms
2022-04-30 12:01:10.997 [main] INFO  org.apache.catalina.core.StandardService - Stopping service [Tomcat]
2022-04-30 12:01:11.042 [main] INFO  o.s.b.a.l.ConditionEvaluationReportLoggingListener - 

Error starting ApplicationContext. To display the conditions report re-run your application with 'debug' enabled.
